<?xml version="1.0" encoding="UTF-8"?>
<coverage generated="1562834928789" clover="3.2.0">
  <project timestamp="1562834928789" name="All files">
    <metrics statements="9" coveredstatements="9" conditionals="0" coveredconditionals="0" methods="2" coveredmethods="2" elements="11" coveredelements="11" complexity="0" loc="9" ncloc="9" packages="3" files="3" classes="3">
      <package name="src">
        <metrics statements="4" coveredstatements="4" conditionals="0" coveredconditionals="0" methods="0" coveredmethods="0"/>
        <file name="store.js" path="/root/vue-project/src/store.js">
          <metrics statements="4" coveredstatements="4" conditionals="0" coveredconditionals="0" methods="0" coveredmethods="0"/>
          <line num="4" count="2" type="stmt"/>
          <line num="12" count="5" type="stmt"/>
          <line num="17" count="3" type="stmt"/>
          <line num="22" count="2" type="stmt"/>
        </file>
      </package>
      <package name="src.components">
        <metrics statements="4" coveredstatements="4" conditionals="0" coveredconditionals="0" methods="1" coveredmethods="1"/>
        <file name="TestComp.vue" path="/root/vue-project/src/components/TestComp.vue">
          <metrics statements="4" coveredstatements="4" conditionals="0" coveredconditionals="0" methods="1" coveredmethods="1"/>
          <line num="16" count="1" type="stmt"/>
          <line num="24" count="3" type="stmt"/>
          <line num="30" count="5" type="stmt"/>
          <line num="35" count="1" type="stmt"/>
        </file>
      </package>
      <package name="src.func">
        <metrics statements="1" coveredstatements="1" conditionals="0" coveredconditionals="0" methods="1" coveredmethods="1"/>
        <file name="sum.js" path="/root/vue-project/src/func/sum.js">
          <metrics statements="1" coveredstatements="1" conditionals="0" coveredconditionals="0" methods="1" coveredmethods="1"/>
          <line num="2" count="1" type="stmt"/>
        </file>
      </package>
    </metrics>
  </project>
</coverage>
