{"/root/vue-project/src/store.js": {"path":"/root/vue-project/src/store.js","statementMap":{"0":{"start":{"line":4,"column":0},"end":{"line":4,"column":13}},"1":{"start":{"line":12,"column":6},"end":{"line":12,"column":24}},"2":{"start":{"line":17,"column":6},"end":{"line":17,"column":36}},"3":{"start":{"line":22,"column":6},"end":{"line":22,"column":34}}},"fnMap":{},"branchMap":{},"s":{"0":2,"1":5,"2":3,"3":2},"f":{},"b":{},"_coverageSchema":"332fd63041d2c1bcb487cc26dd0d5f7d97098a6c","hash":"307b618655a79fb097ca80bff62b4ffef815a9de"}
,"/root/vue-project/src/components/TestComp.vue": {"path":"/root/vue-project/src/components/TestComp.vue","statementMap":{"0":{"start":{"line":16,"column":0},"end":{"line":null,"column":-1}},"1":{"start":{"line":24,"column":0},"end":{"line":null,"column":-1}},"2":{"start":{"line":30,"column":0},"end":{"line":null,"column":-1}},"3":{"start":{"line":35,"column":0},"end":{"line":null,"column":-1}}},"fnMap":{"0":{"name":"(anonymous_1)","decl":{"start":{"line":23,"column":0},"end":{"line":null,"column":-1}},"loc":{"start":{"line":23,"column":0},"end":{"line":27,"column":0}}}},"branchMap":{},"s":{"0":1,"1":3,"2":5,"3":1},"f":{"0":3},"b":{}}
,"/root/vue-project/src/func/sum.js": {"path":"/root/vue-project/src/func/sum.js","statementMap":{"0":{"start":{"line":2,"column":2},"end":{"line":2,"column":14}}},"fnMap":{"0":{"name":"sum","decl":{"start":{"line":1,"column":9},"end":{"line":1,"column":12}},"loc":{"start":{"line":1,"column":19},"end":{"line":3,"column":1}},"line":1}},"branchMap":{},"s":{"0":1},"f":{"0":1},"b":{},"_coverageSchema":"332fd63041d2c1bcb487cc26dd0d5f7d97098a6c","hash":"4cfd9f9bcc33cc7170d9b30766bdfb8508adfb82"}
}
